{"level":"info","message":"write user 709338528@qq.com succefully"}
{"level":"info","message":"write user 709338528@qq.com succefully"}
{"level":"info","message":"write user 709338528@qq.com succefully"}
{"level":"info","message":"user sj@qq.com token updated successfully"}
{"level":"info","message":"user lc@qq.com token updated successfully"}
{"level":"info","message":"user sj@qq.com token updated successfully"}
{"level":"info","message":"user ws@qq.com token updated successfully"}
{"level":"info","message":"user lc@qq.com token updated successfully"}
{"level":"info","message":"user ws@qq.com token updated successfully"}
{"level":"info","message":"user ws@qq.com token updated successfully"}
{"level":"info","message":"user sj@qq.com token updated successfully"}
{"level":"info","message":"user lss@qq.com token updated successfully"}
{"level":"info","message":"user sj@qq.com token updated successfully"}
{"level":"info","message":"user sj@qq.com token updated successfully"}
{"level":"info","message":"user sj@qq.com token updated successfully"}
{"level":"info","message":"user sj@qq.com token updated successfully"}
{"level":"info","message":"user ljy@qq.com token updated successfully"}
{"level":"info","message":"user lc@qq.com token updated successfully"}
{"level":"info","message":"user ws@qq.com token updated successfully"}
{"level":"info","message":"user yq@qq.com token updated successfully"}
{"level":"info","message":"user xmq@qq.com token updated successfully"}
{"level":"info","message":"user lss@qq.com token updated successfully"}
{"level":"info","message":"user sj@qq.com token updated successfully"}
{"level":"info","message":"user sj@qq.com token updated successfully"}
