{
  level: 'warn',
  message: 'error in multiUpload[object Object]',
  timestamp: '2021-01-16T06:36:04.436Z'
}
{
  level: 'warn',
  message: 'error in multiUpload[object Object]',
  timestamp: '2021-01-17T09:52:58.370Z'
}
{
  level: 'warn',
  message: 'error in multiUpload[object Object]',
  timestamp: '2021-01-17T10:13:25.037Z'
}
{
  level: 'warn',
  message: 'error in multiUpload[object Object]',
  timestamp: '2021-01-17T10:40:24.080Z'
}
{
  level: 'warn',
  message: 'error in multiUpload[object Object]',
  timestamp: '2021-01-17T10:40:37.164Z'
}
{
  level: 'warn',
  message: 'error in multiUpload[object Object]',
  timestamp: '2021-01-17T10:41:04.488Z'
}
{
  level: 'warn',
  message: 'error in multiUpload[object Object]',
  timestamp: '2021-01-17T12:34:32.849Z'
}
{
  level: 'warn',
  message: 'error in multiUpload[object Object]',
  timestamp: '2021-01-18T12:55:01.893Z'
}
{
  level: 'warn',
  message: 'error in multiUpload[object Object]',
  timestamp: '2021-01-18T13:02:47.848Z'
}
{
  level: 'warn',
  message: 'error in multiUpload[object Object]',
  timestamp: '2021-01-18T13:03:01.919Z'
}
{
  level: 'warn',
  message: 'error in multiUpload[object Object]',
  timestamp: '2021-01-18T13:11:07.207Z'
}
{
  level: 'warn',
  message: 'error in multiUpload[object Object]',
  timestamp: '2021-01-18T13:12:36.733Z'
}
{
  level: 'warn',
  message: 'error in multiUpload[object Object]',
  timestamp: '2021-01-18T13:15:55.176Z'
}
{
  level: 'warn',
  message: 'error in multiUpload[object Object]',
  timestamp: '2021-01-18T13:16:30.054Z'
}
{
  level: 'warn',
  message: 'error in multiUpload[object Object]',
  timestamp: '2021-01-18T13:19:44.392Z'
}
{
  level: 'warn',
  message: 'error in multiUpload[object Object]',
  timestamp: '2021-01-19T09:24:26.728Z'
}
{
  level: 'warn',
  message: 'error in multiUpload[object Object]',
  timestamp: '2021-01-19T11:34:03.090Z'
}
{
  level: 'warn',
  message: 'error in multiUpload[object Object]',
  timestamp: '2021-01-19T11:34:09.748Z'
}
{
  level: 'warn',
  message: 'error in multiUpload[object Object]',
  timestamp: '2021-01-19T11:34:21.068Z'
}
{
  level: 'warn',
  message: 'error in multiUpload[object Object]',
  timestamp: '2021-01-26T11:23:09.821Z'
}
{
  level: 'warn',
  message: 'error in multiUpload[object Object]',
  timestamp: '2021-01-26T11:23:30.097Z'
}
