{"level":"info","message":"write user 709338528@qq.com succefully"}
{"level":"info","message":"write user 2017213116@bupt.edu.cn succefully"}
{"level":"info","message":"write user 2017213116@bupt.edu.cn succefully"}
{"level":"info","message":"write user 709338528@qq.com succefully"}
{"level":"info","message":"write user 2017213116@bupt.edu.cn succefully"}
{"level":"info","message":"write user 2017213116@bupt.edu.cn succefully"}
{"level":"info","message":"write user 2017213116@bupt.edu.cn succefully"}
{"level":"info","message":"write user 2017213116@bupt.edu.cn succefully"}
{"level":"info","message":"write user 2017213116@bupt.edu.cn succefully"}
{"level":"info","message":"write user 709338528@qq.com succefully"}
{"level":"info","message":"write user 709338528@qq.com succefully"}
{"level":"info","message":"write user 2017213116@bupt.edu.cn succefully"}
{"level":"info","message":"write user 709338528@qq.com succefully"}
{"level":"info","message":"write user 709338528@qq.com succefully"}
{"level":"info","message":"write user 709338528@qq.com succefully"}
{"level":"info","message":"write user 2017213116@bupt.edu.cn succefully"}
{"level":"info","message":"write user 709338528@qq.com succefully"}
{"level":"info","message":"write user 709338528@qq.com succefully"}
{"level":"info","message":"write user 709338528@qq.com succefully"}
{"level":"info","message":"write user 2017213116@bupt.edu.cn succefully"}
{"level":"info","message":"write user 709338528@qq.com succefully"}
{"level":"info","message":"write user 709338528@qq.com succefully"}
{"level":"info","message":"write user 2017213116@bupt.edu.cn succefully"}
{"level":"info","message":"write user 709338528@qq.com succefully"}
{"level":"info","message":"write user 2017213116@bupt.edu.cn succefully"}
{"level":"info","message":"write user 709338528@qq.com succefully"}
{"level":"info","message":"write user 709338528@qq.com succefully"}
{"level":"info","message":"write user 2017213116@bupt.edu.cn succefully"}
{"level":"info","message":"write user sj@qq.com succefully"}
{"level":"info","message":"write user 709338528@qq.com succefully"}
{"level":"info","message":"write user 709338528@qq.com succefully"}
{"level":"info","message":"write user 2017213116@bupt.edu.cn succefully"}
{"level":"info","message":"write user 709338528@qq.com succefully"}
{"level":"info","message":"write user 709338528@qq.com succefully"}
{"level":"info","message":"write user 2017213116@bupt.edu.cn succefully"}
{"level":"info","message":"write user ljy@qq.com succefully"}
{"level":"info","message":"write user 709338528@qq.com succefully"}
{"level":"info","message":"user 709338528@qq.com token updated successfully"}
{"level":"info","message":"user 2017213116@bupt.edu.cn token updated successfully"}
{"level":"info","message":"user 709338528@qq.com token updated successfully"}
{"level":"info","message":"user sj@qq.com token updated successfully"}
{"level":"info","message":"user ljy@qq.com token updated successfully"}
{"level":"info","message":"user 709338528@qq.com token updated successfully"}
{"level":"info","message":"user sj@qq.com token updated successfully"}
{"level":"info","message":"user ljy@qq.com token updated successfully"}
{"level":"info","message":"user 709338528@qq.com token updated successfully"}
{"level":"info","message":"user 2017213116@bupt.edu.cn token updated successfully"}
{"level":"info","message":"user 709338528@qq.com token updated successfully"}
{"level":"info","message":"user 2017213116@bupt.edu.cn token updated successfully"}
{"level":"info","message":"user sj@qq.com token updated successfully"}
{"level":"info","message":"user 709338528@qq.com token updated successfully"}
